<?xml version="1.0" encoding="UTF-8"?>
<!-- Generated by org.testng.reporters.JUnitReportReporter -->
<testsuite hostname="LAPTOP-LDTPQ8CD" failures="0" tests="4" name="test.HomePage" time="0.008" errors="0" timestamp="2022-03-05T12:48:46 IST" skipped="0">
  <testcase classname="test.HomePage" name="test3" time="0.001"/>
  <system-out/>
  <testcase classname="test.HomePage" name="test7" time="0.001"/>
  <system-out/>
  <testcase classname="test.HomePage" name="test6" time="0.005"/>
  <system-out/>
  <testcase classname="test.HomePage" name="test8" time="0.001"/>
  <system-out/>
</testsuite> <!-- test.HomePage -->
