<?xml version="1.0" encoding="UTF-8"?>
<!-- Generated by org.testng.reporters.JUnitReportReporter -->
<testsuite hostname="LAPTOP-LDTPQ8CD" failures="0" tests="3" name="test.AnnotationExample" time="0.007" errors="0" timestamp="2022-03-05T12:34:22 IST" skipped="0">
  <testcase classname="test.AnnotationExample" name="test5" time="0.005"/>
  <system-out/>
  <testcase classname="test.AnnotationExample" name="test2" time="0.001"/>
  <system-out/>
  <testcase classname="test.AnnotationExample" name="test1" time="0.001"/>
  <system-out/>
</testsuite> <!-- test.AnnotationExample -->
