<?xml version="1.0" encoding="UTF-8"?>
<!-- Generated by org.testng.reporters.JUnitReportReporter -->
<testsuite hostname="LAPTOP-LDTPQ8CD" failures="0" tests="1" name="test2.CheckOutTest" time="0.004" errors="0" timestamp="2022-03-05T12:27:17 IST" skipped="0">
  <testcase classname="test2.CheckOutTest" name="test4" time="0.004"/>
  <system-out/>
</testsuite> <!-- test2.CheckOutTest -->
